<?xml version="1.0" encoding="UTF-8"?>
<!-- Generated by org.testng.reporters.JUnitReportReporter -->
<testsuite hostname="ICS-LPT-2022-05" failures="0" tests="1" name="com.automation.testcases.Login" time="2.957" errors="0" timestamp="2025-08-02T00:44:57 IST" skipped="0">
  <testcase classname="com.automation.testcases.Login" name="LogintoApp" time="2.957"/>
</testsuite> <!-- com.automation.testcases.Login -->
